{"numFailedTestSuites":0,"numFailedTests":0,"numPassedTestSuites":14,"numPassedTests":225,"numPendingTestSuites":0,"numPendingTests":0,"numRuntimeErrorTestSuites":0,"numTodoTests":0,"numTotalTestSuites":14,"numTotalTests":225,"openHandles":[],"snapshot":{"added":0,"didUpdate":false,"failure":false,"filesAdded":0,"filesRemoved":0,"filesRemovedList":[],"filesUnmatched":0,"filesUpdated":0,"matched":0,"total":0,"unchecked":0,"uncheckedKeysByFile":[],"unmatched":0,"updated":0},"startTime":1768649846262,"success":true,"testResults":[{"assertionResults":[{"ancestorTitles":["Auth Integration Tests","POST /api/auth/register"],"duration":5142,"failureDetails":[],"failureMessages":[],"fullName":"Auth Integration Tests POST /api/auth/register should register a new user successfully","invocations":1,"location":null,"numPassingAsserts":5,"retryReasons":[],"status":"passed","title":"should register a new user successfully"},{"ancestorTitles":["Auth Integration Tests","POST /api/auth/register"],"duration":248,"failureDetails":[],"failureMessages":[],"fullName":"Auth Integration Tests POST /api/auth/register should fail with duplicate email","invocations":1,"location":null,"numPassingAsserts":2,"retryReasons":[],"status":"passed","title":"should fail with duplicate email"},{"ancestorTitles":["Auth Integration Tests","POST /api/auth/register"],"duration":23,"failureDetails":[],"failureMessages":[],"fullName":"Auth Integration Tests POST /api/auth/register should fail with invalid email","invocations":1,"location":null,"numPassingAsserts":1,"retryReasons":[],"status":"passed","title":"should fail with invalid email"},{"ancestorTitles":["Auth Integration Tests","POST /api/auth/register"],"duration":19,"failureDetails":[],"failureMessages":[],"fullName":"Auth Integration Tests POST /api/auth/register should fail with short password","invocations":1,"location":null,"numPassingAsserts":1,"retryReasons":[],"status":"passed","title":"should fail with short password"},{"ancestorTitles":["Auth Integration Tests","POST /api/auth/login"],"duration":387,"failureDetails":[],"failureMessages":[],"fullName":"Auth Integration Tests POST /api/auth/login should login successfully with correct credentials","invocations":1,"location":null,"numPassingAsserts":4,"retryReasons":[],"status":"passed","title":"should login successfully with correct credentials"},{"ancestorTitles":["Auth Integration Tests","POST /api/auth/login"],"duration":348,"failureDetails":[],"failureMessages":[],"fullName":"Auth Integration Tests POST /api/auth/login should fail with incorrect password","invocations":1,"location":null,"numPassingAsserts":2,"retryReasons":[],"status":"passed","title":"should fail with incorrect password"},{"ancestorTitles":["Auth Integration Tests","POST /api/auth/login"],"duration":175,"failureDetails":[],"failureMessages":[],"fullName":"Auth Integration Tests POST /api/auth/login should fail with non-existent email","invocations":1,"location":null,"numPassingAsserts":2,"retryReasons":[],"status":"passed","title":"should fail with non-existent email"},{"ancestorTitles":["Auth Integration Tests","POST /api/auth/login"],"duration":372,"failureDetails":[],"failureMessages":[],"fullName":"Auth Integration Tests POST /api/auth/login should fail with locked user","invocations":1,"location":null,"numPassingAsserts":2,"retryReasons":[],"status":"passed","title":"should fail with locked user"},{"ancestorTitles":["Auth Integration Tests","POST /api/auth/refresh"],"duration":362,"failureDetails":[],"failureMessages":[],"fullName":"Auth Integration Tests POST /api/auth/refresh should refresh access token with valid refresh token","invocations":1,"location":null,"numPassingAsserts":2,"retryReasons":[],"status":"passed","title":"should refresh access token with valid refresh token"},{"ancestorTitles":["Auth Integration Tests","POST /api/auth/refresh"],"duration":34,"failureDetails":[],"failureMessages":[],"fullName":"Auth Integration Tests POST /api/auth/refresh should fail with invalid refresh token","invocations":1,"location":null,"numPassingAsserts":1,"retryReasons":[],"status":"passed","title":"should fail with invalid refresh token"},{"ancestorTitles":["Auth Integration Tests","GET /api/auth/me"],"duration":361,"failureDetails":[],"failureMessages":[],"fullName":"Auth Integration Tests GET /api/auth/me should get current user with valid token","invocations":1,"location":null,"numPassingAsserts":2,"retryReasons":[],"status":"passed","title":"should get current user with valid token"},{"ancestorTitles":["Auth Integration Tests","GET /api/auth/me"],"duration":38,"failureDetails":[],"failureMessages":[],"fullName":"Auth Integration Tests GET /api/auth/me should fail without token","invocations":1,"location":null,"numPassingAsserts":1,"retryReasons":[],"status":"passed","title":"should fail without token"},{"ancestorTitles":["Auth Integration Tests","POST /api/auth/change-password"],"duration":916,"failureDetails":[],"failureMessages":[],"fullName":"Auth Integration Tests POST /api/auth/change-password should change password successfully","invocations":1,"location":null,"numPassingAsserts":2,"retryReasons":[],"status":"passed","title":"should change password successfully"},{"ancestorTitles":["Auth Integration Tests","POST /api/auth/change-password"],"duration":508,"failureDetails":[],"failureMessages":[],"fullName":"Auth Integration Tests POST /api/auth/change-password should fail with incorrect current password","invocations":1,"location":null,"numPassingAsserts":1,"retryReasons":[],"status":"passed","title":"should fail with incorrect current password"}],"endTime":1768649865047,"message":"","name":"C:\\Users\\manis\\Projects\\CA-Flow\\server\\tests\\integration\\auth.test.js","startTime":1768649846865,"status":"passed","summary":""},{"assertionResults":[{"ancestorTitles":["Client API Integration Tests","POST /api/clients"],"duration":5607,"failureDetails":[],"failureMessages":[],"fullName":"Client API Integration Tests POST /api/clients should add a new client successfully","invocations":1,"location":null,"numPassingAsserts":8,"retryReasons":[],"status":"passed","title":"should add a new client successfully"},{"ancestorTitles":["Client API Integration Tests","POST /api/clients"],"duration":421,"failureDetails":[],"failureMessages":[],"fullName":"Client API Integration Tests POST /api/clients should fail without required fields","invocations":1,"location":null,"numPassingAsserts":1,"retryReasons":[],"status":"passed","title":"should fail without required fields"},{"ancestorTitles":["Client API Integration Tests","POST /api/clients"],"duration":4143,"failureDetails":[],"failureMessages":[],"fullName":"Client API Integration Tests POST /api/clients should fail with duplicate email","invocations":1,"location":null,"numPassingAsserts":2,"retryReasons":[],"status":"passed","title":"should fail with duplicate email"},{"ancestorTitles":["Client API Integration Tests","POST /api/clients"],"duration":555,"failureDetails":[],"failureMessages":[],"fullName":"Client API Integration Tests POST /api/clients should fail if not CA-Admin","invocations":1,"location":null,"numPassingAsserts":1,"retryReasons":[],"status":"passed","title":"should fail if not CA-Admin"},{"ancestorTitles":["Client API Integration Tests","POST /api/clients"],"duration":379,"failureDetails":[],"failureMessages":[],"fullName":"Client API Integration Tests POST /api/clients should fail without authentication","invocations":1,"location":null,"numPassingAsserts":0,"retryReasons":[],"status":"passed","title":"should fail without authentication"},{"ancestorTitles":["Client API Integration Tests","GET /api/clients"],"duration":403,"failureDetails":[],"failureMessages":[],"fullName":"Client API Integration Tests GET /api/clients should get all clients for the firm","invocations":1,"location":null,"numPassingAsserts":4,"retryReasons":[],"status":"passed","title":"should get all clients for the firm"},{"ancestorTitles":["Client API Integration Tests","GET /api/clients"],"duration":419,"failureDetails":[],"failureMessages":[],"fullName":"Client API Integration Tests GET /api/clients should filter clients by company type","invocations":1,"location":null,"numPassingAsserts":3,"retryReasons":[],"status":"passed","title":"should filter clients by company type"},{"ancestorTitles":["Client API Integration Tests","GET /api/clients"],"duration":391,"failureDetails":[],"failureMessages":[],"fullName":"Client API Integration Tests GET /api/clients should search clients by name or email","invocations":1,"location":null,"numPassingAsserts":3,"retryReasons":[],"status":"passed","title":"should search clients by name or email"},{"ancestorTitles":["Client API Integration Tests","GET /api/clients"],"duration":404,"failureDetails":[],"failureMessages":[],"fullName":"Client API Integration Tests GET /api/clients should paginate results","invocations":1,"location":null,"numPassingAsserts":4,"retryReasons":[],"status":"passed","title":"should paginate results"},{"ancestorTitles":["Client API Integration Tests","GET /api/clients"],"duration":383,"failureDetails":[],"failureMessages":[],"fullName":"Client API Integration Tests GET /api/clients should fail if not authenticated","invocations":1,"location":null,"numPassingAsserts":0,"retryReasons":[],"status":"passed","title":"should fail if not authenticated"},{"ancestorTitles":["Client API Integration Tests","GET /api/clients/:id"],"duration":391,"failureDetails":[],"failureMessages":[],"fullName":"Client API Integration Tests GET /api/clients/:id should get single client by ID","invocations":1,"location":null,"numPassingAsserts":3,"retryReasons":[],"status":"passed","title":"should get single client by ID"},{"ancestorTitles":["Client API Integration Tests","GET /api/clients/:id"],"duration":404,"failureDetails":[],"failureMessages":[],"fullName":"Client API Integration Tests GET /api/clients/:id should fail with invalid client ID","invocations":1,"location":null,"numPassingAsserts":1,"retryReasons":[],"status":"passed","title":"should fail with invalid client ID"},{"ancestorTitles":["Client API Integration Tests","GET /api/clients/:id"],"duration":640,"failureDetails":[],"failureMessages":[],"fullName":"Client API Integration Tests GET /api/clients/:id should fail if client belongs to different firm","invocations":1,"location":null,"numPassingAsserts":1,"retryReasons":[],"status":"passed","title":"should fail if client belongs to different firm"},{"ancestorTitles":["Client API Integration Tests","PUT /api/clients/:id"],"duration":380,"failureDetails":[],"failureMessages":[],"fullName":"Client API Integration Tests PUT /api/clients/:id should update client successfully","invocations":1,"location":null,"numPassingAsserts":4,"retryReasons":[],"status":"passed","title":"should update client successfully"},{"ancestorTitles":["Client API Integration Tests","PUT /api/clients/:id"],"duration":443,"failureDetails":[],"failureMessages":[],"fullName":"Client API Integration Tests PUT /api/clients/:id should fail if not CA-Admin","invocations":1,"location":null,"numPassingAsserts":1,"retryReasons":[],"status":"passed","title":"should fail if not CA-Admin"},{"ancestorTitles":["Client API Integration Tests","PUT /api/clients/:id"],"duration":404,"failureDetails":[],"failureMessages":[],"fullName":"Client API Integration Tests PUT /api/clients/:id should fail with duplicate email","invocations":1,"location":null,"numPassingAsserts":2,"retryReasons":[],"status":"passed","title":"should fail with duplicate email"},{"ancestorTitles":["Client API Integration Tests","DELETE /api/clients/:id"],"duration":421,"failureDetails":[],"failureMessages":[],"fullName":"Client API Integration Tests DELETE /api/clients/:id should soft delete client","invocations":1,"location":null,"numPassingAsserts":2,"retryReasons":[],"status":"passed","title":"should soft delete client"},{"ancestorTitles":["Client API Integration Tests","DELETE /api/clients/:id"],"duration":367,"failureDetails":[],"failureMessages":[],"fullName":"Client API Integration Tests DELETE /api/clients/:id should fail if not CA-Admin","invocations":1,"location":null,"numPassingAsserts":1,"retryReasons":[],"status":"passed","title":"should fail if not CA-Admin"},{"ancestorTitles":["Client API Integration Tests","DELETE /api/clients/:id"],"duration":400,"failureDetails":[],"failureMessages":[],"fullName":"Client API Integration Tests DELETE /api/clients/:id should fail with invalid client ID","invocations":1,"location":null,"numPassingAsserts":1,"retryReasons":[],"status":"passed","title":"should fail with invalid client ID"}],"endTime":1768649886391,"message":"","name":"C:\\Users\\manis\\Projects\\CA-Flow\\server\\tests\\integration\\client.test.js","startTime":1768649865079,"status":"passed","summary":""},{"assertionResults":[{"ancestorTitles":["Document Routes - Production Grade","GET /api/documents/categories"],"duration":1451,"failureDetails":[],"failureMessages":[],"fullName":"Document Routes - Production Grade GET /api/documents/categories should get all document categories","invocations":1,"location":null,"numPassingAsserts":4,"retryReasons":[],"status":"passed","title":"should get all document categories"},{"ancestorTitles":["Document Routes - Production Grade","GET /api/documents/categories"],"duration":1142,"failureDetails":[],"failureMessages":[],"fullName":"Document Routes - Production Grade GET /api/documents/categories should require authentication","invocations":1,"location":null,"numPassingAsserts":0,"retryReasons":[],"status":"passed","title":"should require authentication"},{"ancestorTitles":["Document Routes - Production Grade","GET /api/documents/client/:clientId"],"duration":619,"failureDetails":[],"failureMessages":[],"fullName":"Document Routes - Production Grade GET /api/documents/client/:clientId should get all documents for a client (CA-Admin)","invocations":1,"location":null,"numPassingAsserts":4,"retryReasons":[],"status":"passed","title":"should get all documents for a client (CA-Admin)"},{"ancestorTitles":["Document Routes - Production Grade","GET /api/documents/client/:clientId"],"duration":442,"failureDetails":[],"failureMessages":[],"fullName":"Document Routes - Production Grade GET /api/documents/client/:clientId should get own documents (Client)","invocations":1,"location":null,"numPassingAsserts":3,"retryReasons":[],"status":"passed","title":"should get own documents (Client)"},{"ancestorTitles":["Document Routes - Production Grade","GET /api/documents/client/:clientId"],"duration":768,"failureDetails":[],"failureMessages":[],"fullName":"Document Routes - Production Grade GET /api/documents/client/:clientId should not allow client to access other client documents","invocations":1,"location":null,"numPassingAsserts":1,"retryReasons":[],"status":"passed","title":"should not allow client to access other client documents"},{"ancestorTitles":["Document Routes - Production Grade","GET /api/documents/client/:clientId"],"duration":1111,"failureDetails":[],"failureMessages":[],"fullName":"Document Routes - Production Grade GET /api/documents/client/:clientId should support pagination","invocations":1,"location":null,"numPassingAsserts":3,"retryReasons":[],"status":"passed","title":"should support pagination"},{"ancestorTitles":["Document Routes - Production Grade","GET /api/documents/client/:clientId"],"duration":835,"failureDetails":[],"failureMessages":[],"fullName":"Document Routes - Production Grade GET /api/documents/client/:clientId should support category filter","invocations":1,"location":null,"numPassingAsserts":3,"retryReasons":[],"status":"passed","title":"should support category filter"},{"ancestorTitles":["Document Routes - Production Grade","GET /api/documents/:id"],"duration":475,"failureDetails":[],"failureMessages":[],"fullName":"Document Routes - Production Grade GET /api/documents/:id should get single document (CA-Admin)","invocations":1,"location":null,"numPassingAsserts":2,"retryReasons":[],"status":"passed","title":"should get single document (CA-Admin)"},{"ancestorTitles":["Document Routes - Production Grade","GET /api/documents/:id"],"duration":478,"failureDetails":[],"failureMessages":[],"fullName":"Document Routes - Production Grade GET /api/documents/:id should get single document (Client)","invocations":1,"location":null,"numPassingAsserts":2,"retryReasons":[],"status":"passed","title":"should get single document (Client)"},{"ancestorTitles":["Document Routes - Production Grade","GET /api/documents/:id"],"duration":641,"failureDetails":[],"failureMessages":[],"fullName":"Document Routes - Production Grade GET /api/documents/:id should return 404 for non-existent document","invocations":1,"location":null,"numPassingAsserts":1,"retryReasons":[],"status":"passed","title":"should return 404 for non-existent document"},{"ancestorTitles":["Document Routes - Production Grade","GET /api/documents/client/:clientId/structure"],"duration":727,"failureDetails":[],"failureMessages":[],"fullName":"Document Routes - Production Grade GET /api/documents/client/:clientId/structure should get folder structure for client","invocations":1,"location":null,"numPassingAsserts":3,"retryReasons":[],"status":"passed","title":"should get folder structure for client"},{"ancestorTitles":["Document Routes - Production Grade","GET /api/documents/client/:clientId/category/:category"],"duration":413,"failureDetails":[],"failureMessages":[],"fullName":"Document Routes - Production Grade GET /api/documents/client/:clientId/category/:category should get documents by category","invocations":1,"location":null,"numPassingAsserts":3,"retryReasons":[],"status":"passed","title":"should get documents by category"},{"ancestorTitles":["Document Routes - Production Grade","PUT /api/documents/:id"],"duration":442,"failureDetails":[],"failureMessages":[],"fullName":"Document Routes - Production Grade PUT /api/documents/:id should update document metadata (CA-Admin)","invocations":1,"location":null,"numPassingAsserts":3,"retryReasons":[],"status":"passed","title":"should update document metadata (CA-Admin)"},{"ancestorTitles":["Document Routes - Production Grade","PUT /api/documents/:id"],"duration":419,"failureDetails":[],"failureMessages":[],"fullName":"Document Routes - Production Grade PUT /api/documents/:id should not allow client to update document","invocations":1,"location":null,"numPassingAsserts":1,"retryReasons":[],"status":"passed","title":"should not allow client to update document"},{"ancestorTitles":["Document Routes - Production Grade","PUT /api/documents/set-payment-requirement"],"duration":431,"failureDetails":[],"failureMessages":[],"fullName":"Document Routes - Production Grade PUT /api/documents/set-payment-requirement should set payment requirement for documents (CA-Admin)","invocations":1,"location":null,"numPassingAsserts":3,"retryReasons":[],"status":"passed","title":"should set payment requirement for documents (CA-Admin)"},{"ancestorTitles":["Document Routes - Production Grade","PUT /api/documents/set-payment-requirement"],"duration":414,"failureDetails":[],"failureMessages":[],"fullName":"Document Routes - Production Grade PUT /api/documents/set-payment-requirement should not allow client to set payment requirement","invocations":1,"location":null,"numPassingAsserts":1,"retryReasons":[],"status":"passed","title":"should not allow client to set payment requirement"},{"ancestorTitles":["Document Routes - Production Grade","PUT /api/documents/set-payment-requirement"],"duration":385,"failureDetails":[],"failureMessages":[],"fullName":"Document Routes - Production Grade PUT /api/documents/set-payment-requirement should validate required fields","invocations":1,"location":null,"numPassingAsserts":1,"retryReasons":[],"status":"passed","title":"should validate required fields"},{"ancestorTitles":["Document Routes - Production Grade","GET /api/documents/client/:clientId/locked"],"duration":401,"failureDetails":[],"failureMessages":[],"fullName":"Document Routes - Production Grade GET /api/documents/client/:clientId/locked should get locked documents for client","invocations":1,"location":null,"numPassingAsserts":3,"retryReasons":[],"status":"passed","title":"should get locked documents for client"},{"ancestorTitles":["Document Routes - Production Grade","GET /api/documents/client/:clientId/paid"],"duration":379,"failureDetails":[],"failureMessages":[],"fullName":"Document Routes - Production Grade GET /api/documents/client/:clientId/paid should get paid documents for client","invocations":1,"location":null,"numPassingAsserts":3,"retryReasons":[],"status":"passed","title":"should get paid documents for client"},{"ancestorTitles":["Document Routes - Production Grade","GET /api/documents/:id/access"],"duration":430,"failureDetails":[],"failureMessages":[],"fullName":"Document Routes - Production Grade GET /api/documents/:id/access should check document access (CA-Admin always has access)","invocations":1,"location":null,"numPassingAsserts":2,"retryReasons":[],"status":"passed","title":"should check document access (CA-Admin always has access)"},{"ancestorTitles":["Document Routes - Production Grade","GET /api/documents/:id/access"],"duration":406,"failureDetails":[],"failureMessages":[],"fullName":"Document Routes - Production Grade GET /api/documents/:id/access should check document access (Client with payment required)","invocations":1,"location":null,"numPassingAsserts":3,"retryReasons":[],"status":"passed","title":"should check document access (Client with payment required)"},{"ancestorTitles":["Document Routes - Production Grade","GET /api/documents/search"],"duration":407,"failureDetails":[],"failureMessages":[],"fullName":"Document Routes - Production Grade GET /api/documents/search should search documents (CA-Admin)","invocations":1,"location":null,"numPassingAsserts":2,"retryReasons":[],"status":"passed","title":"should search documents (CA-Admin)"},{"ancestorTitles":["Document Routes - Production Grade","GET /api/documents/search"],"duration":417,"failureDetails":[],"failureMessages":[],"fullName":"Document Routes - Production Grade GET /api/documents/search should not allow client to search across all documents","invocations":1,"location":null,"numPassingAsserts":1,"retryReasons":[],"status":"passed","title":"should not allow client to search across all documents"},{"ancestorTitles":["Document Routes - Production Grade","DELETE /api/documents/:id"],"duration":375,"failureDetails":[],"failureMessages":[],"fullName":"Document Routes - Production Grade DELETE /api/documents/:id should soft delete document (CA-Admin)","invocations":1,"location":null,"numPassingAsserts":3,"retryReasons":[],"status":"passed","title":"should soft delete document (CA-Admin)"},{"ancestorTitles":["Document Routes - Production Grade","DELETE /api/documents/:id"],"duration":398,"failureDetails":[],"failureMessages":[],"fullName":"Document Routes - Production Grade DELETE /api/documents/:id should not allow client to delete document","invocations":1,"location":null,"numPassingAsserts":1,"retryReasons":[],"status":"passed","title":"should not allow client to delete document"}],"endTime":1768649904556,"message":"","name":"C:\\Users\\manis\\Projects\\CA-Flow\\server\\tests\\integration\\document.improved.test.js","startTime":1768649886438,"status":"passed","summary":""},{"assertionResults":[{"ancestorTitles":["Subscription API Integration Tests","GET /api/subscriptions/plans"],"duration":730,"failureDetails":[],"failureMessages":[],"fullName":"Subscription API Integration Tests GET /api/subscriptions/plans should get all active subscription plans (public)","invocations":1,"location":null,"numPassingAsserts":3,"retryReasons":[],"status":"passed","title":"should get all active subscription plans (public)"},{"ancestorTitles":["Subscription API Integration Tests","GET /api/subscriptions/plans"],"duration":885,"failureDetails":[],"failureMessages":[],"fullName":"Subscription API Integration Tests GET /api/subscriptions/plans should work without authentication","invocations":1,"location":null,"numPassingAsserts":1,"retryReasons":[],"status":"passed","title":"should work without authentication"},{"ancestorTitles":["Subscription API Integration Tests","GET /api/subscriptions/plans/:id"],"duration":499,"failureDetails":[],"failureMessages":[],"fullName":"Subscription API Integration Tests GET /api/subscriptions/plans/:id should get single plan by ID (public)","invocations":1,"location":null,"numPassingAsserts":3,"retryReasons":[],"status":"passed","title":"should get single plan by ID (public)"},{"ancestorTitles":["Subscription API Integration Tests","GET /api/subscriptions/plans/:id"],"duration":413,"failureDetails":[],"failureMessages":[],"fullName":"Subscription API Integration Tests GET /api/subscriptions/plans/:id should fail with invalid plan ID","invocations":1,"location":null,"numPassingAsserts":1,"retryReasons":[],"status":"passed","title":"should fail with invalid plan ID"},{"ancestorTitles":["Subscription API Integration Tests","POST /api/subscriptions/upgrade-firm"],"duration":423,"failureDetails":[],"failureMessages":[],"fullName":"Subscription API Integration Tests POST /api/subscriptions/upgrade-firm should upgrade firm subscription successfully","invocations":1,"location":null,"numPassingAsserts":3,"retryReasons":[],"status":"passed","title":"should upgrade firm subscription successfully"},{"ancestorTitles":["Subscription API Integration Tests","POST /api/subscriptions/upgrade-firm"],"duration":399,"failureDetails":[],"failureMessages":[],"fullName":"Subscription API Integration Tests POST /api/subscriptions/upgrade-firm should fail without planId","invocations":1,"location":null,"numPassingAsserts":1,"retryReasons":[],"status":"passed","title":"should fail without planId"},{"ancestorTitles":["Subscription API Integration Tests","POST /api/subscriptions/upgrade-firm"],"duration":400,"failureDetails":[],"failureMessages":[],"fullName":"Subscription API Integration Tests POST /api/subscriptions/upgrade-firm should fail if trying to upgrade to free plan","invocations":1,"location":null,"numPassingAsserts":2,"retryReasons":[],"status":"passed","title":"should fail if trying to upgrade to free plan"},{"ancestorTitles":["Subscription API Integration Tests","POST /api/subscriptions/upgrade-firm"],"duration":385,"failureDetails":[],"failureMessages":[],"fullName":"Subscription API Integration Tests POST /api/subscriptions/upgrade-firm should fail if not CA-Admin","invocations":1,"location":null,"numPassingAsserts":1,"retryReasons":[],"status":"passed","title":"should fail if not CA-Admin"},{"ancestorTitles":["Subscription API Integration Tests","GET /api/subscriptions/:id"],"duration":441,"failureDetails":[],"failureMessages":[],"fullName":"Subscription API Integration Tests GET /api/subscriptions/:id should get subscription details","invocations":1,"location":null,"numPassingAsserts":3,"retryReasons":[],"status":"passed","title":"should get subscription details"},{"ancestorTitles":["Subscription API Integration Tests","GET /api/subscriptions/:id"],"duration":424,"failureDetails":[],"failureMessages":[],"fullName":"Subscription API Integration Tests GET /api/subscriptions/:id should fail if not CA-Admin","invocations":1,"location":null,"numPassingAsserts":1,"retryReasons":[],"status":"passed","title":"should fail if not CA-Admin"},{"ancestorTitles":["Subscription API Integration Tests","POST /api/subscriptions/:id/cancel"],"duration":423,"failureDetails":[],"failureMessages":[],"fullName":"Subscription API Integration Tests POST /api/subscriptions/:id/cancel should cancel subscription successfully","invocations":1,"location":null,"numPassingAsserts":2,"retryReasons":[],"status":"passed","title":"should cancel subscription successfully"},{"ancestorTitles":["Subscription API Integration Tests","POST /api/subscriptions/:id/cancel"],"duration":592,"failureDetails":[],"failureMessages":[],"fullName":"Subscription API Integration Tests POST /api/subscriptions/:id/cancel should fail if not CA-Admin","invocations":1,"location":null,"numPassingAsserts":1,"retryReasons":[],"status":"passed","title":"should fail if not CA-Admin"},{"ancestorTitles":["Subscription API Integration Tests","POST /api/subscriptions/:id/pause"],"duration":414,"failureDetails":[],"failureMessages":[],"fullName":"Subscription API Integration Tests POST /api/subscriptions/:id/pause should pause subscription successfully","invocations":1,"location":null,"numPassingAsserts":2,"retryReasons":[],"status":"passed","title":"should pause subscription successfully"},{"ancestorTitles":["Subscription API Integration Tests","POST /api/subscriptions/:id/pause"],"duration":413,"failureDetails":[],"failureMessages":[],"fullName":"Subscription API Integration Tests POST /api/subscriptions/:id/pause should fail if subscription not active","invocations":1,"location":null,"numPassingAsserts":1,"retryReasons":[],"status":"passed","title":"should fail if subscription not active"},{"ancestorTitles":["Subscription API Integration Tests","POST /api/subscriptions/:id/pause"],"duration":376,"failureDetails":[],"failureMessages":[],"fullName":"Subscription API Integration Tests POST /api/subscriptions/:id/pause should fail if not CA-Admin","invocations":1,"location":null,"numPassingAsserts":1,"retryReasons":[],"status":"passed","title":"should fail if not CA-Admin"},{"ancestorTitles":["Subscription API Integration Tests","POST /api/subscriptions/:id/resume"],"duration":393,"failureDetails":[],"failureMessages":[],"fullName":"Subscription API Integration Tests POST /api/subscriptions/:id/resume should resume subscription successfully","invocations":1,"location":null,"numPassingAsserts":2,"retryReasons":[],"status":"passed","title":"should resume subscription successfully"},{"ancestorTitles":["Subscription API Integration Tests","POST /api/subscriptions/:id/resume"],"duration":375,"failureDetails":[],"failureMessages":[],"fullName":"Subscription API Integration Tests POST /api/subscriptions/:id/resume should fail if subscription not paused","invocations":1,"location":null,"numPassingAsserts":1,"retryReasons":[],"status":"passed","title":"should fail if subscription not paused"},{"ancestorTitles":["Subscription API Integration Tests","POST /api/subscriptions/:id/resume"],"duration":380,"failureDetails":[],"failureMessages":[],"fullName":"Subscription API Integration Tests POST /api/subscriptions/:id/resume should fail if not CA-Admin","invocations":1,"location":null,"numPassingAsserts":1,"retryReasons":[],"status":"passed","title":"should fail if not CA-Admin"},{"ancestorTitles":["Subscription API Integration Tests","GET /api/subscriptions/firm/current"],"duration":388,"failureDetails":[],"failureMessages":[],"fullName":"Subscription API Integration Tests GET /api/subscriptions/firm/current should get current firm subscription","invocations":1,"location":null,"numPassingAsserts":2,"retryReasons":[],"status":"passed","title":"should get current firm subscription"},{"ancestorTitles":["Subscription API Integration Tests","GET /api/subscriptions/firm/current"],"duration":368,"failureDetails":[],"failureMessages":[],"fullName":"Subscription API Integration Tests GET /api/subscriptions/firm/current should fail if not CA-Admin","invocations":1,"location":null,"numPassingAsserts":1,"retryReasons":[],"status":"passed","title":"should fail if not CA-Admin"}],"endTime":1768649917334,"message":"","name":"C:\\Users\\manis\\Projects\\CA-Flow\\server\\tests\\integration\\subscription.test.js","startTime":1768649904584,"status":"passed","summary":""},{"assertionResults":[{"ancestorTitles":["Firm API Integration Tests","POST /api/firms/complete-profile"],"duration":871,"failureDetails":[],"failureMessages":[],"fullName":"Firm API Integration Tests POST /api/firms/complete-profile should complete CA Admin profile successfully","invocations":1,"location":null,"numPassingAsserts":5,"retryReasons":[],"status":"passed","title":"should complete CA Admin profile successfully"},{"ancestorTitles":["Firm API Integration Tests","POST /api/firms/complete-profile"],"duration":526,"failureDetails":[],"failureMessages":[],"fullName":"Firm API Integration Tests POST /api/firms/complete-profile should fail without required fields","invocations":1,"location":null,"numPassingAsserts":1,"retryReasons":[],"status":"passed","title":"should fail without required fields"},{"ancestorTitles":["Firm API Integration Tests","POST /api/firms/complete-profile"],"duration":433,"failureDetails":[],"failureMessages":[],"fullName":"Firm API Integration Tests POST /api/firms/complete-profile should fail without registration number","invocations":1,"location":null,"numPassingAsserts":1,"retryReasons":[],"status":"passed","title":"should fail without registration number"},{"ancestorTitles":["Firm API Integration Tests","POST /api/firms/complete-profile"],"duration":361,"failureDetails":[],"failureMessages":[],"fullName":"Firm API Integration Tests POST /api/firms/complete-profile should fail without PAN","invocations":1,"location":null,"numPassingAsserts":1,"retryReasons":[],"status":"passed","title":"should fail without PAN"},{"ancestorTitles":["Firm API Integration Tests","POST /api/firms/complete-profile"],"duration":406,"failureDetails":[],"failureMessages":[],"fullName":"Firm API Integration Tests POST /api/firms/complete-profile should fail without bank name","invocations":1,"location":null,"numPassingAsserts":1,"retryReasons":[],"status":"passed","title":"should fail without bank name"},{"ancestorTitles":["Firm API Integration Tests","POST /api/firms/complete-profile"],"duration":366,"failureDetails":[],"failureMessages":[],"fullName":"Firm API Integration Tests POST /api/firms/complete-profile should fail without account holder name","invocations":1,"location":null,"numPassingAsserts":1,"retryReasons":[],"status":"passed","title":"should fail without account holder name"},{"ancestorTitles":["Firm API Integration Tests","POST /api/firms/complete-profile"],"duration":361,"failureDetails":[],"failureMessages":[],"fullName":"Firm API Integration Tests POST /api/firms/complete-profile should fail without account number","invocations":1,"location":null,"numPassingAsserts":1,"retryReasons":[],"status":"passed","title":"should fail without account number"},{"ancestorTitles":["Firm API Integration Tests","POST /api/firms/complete-profile"],"duration":334,"failureDetails":[],"failureMessages":[],"fullName":"Firm API Integration Tests POST /api/firms/complete-profile should fail without IFSC code","invocations":1,"location":null,"numPassingAsserts":1,"retryReasons":[],"status":"passed","title":"should fail without IFSC code"},{"ancestorTitles":["Firm API Integration Tests","POST /api/firms/complete-profile"],"duration":353,"failureDetails":[],"failureMessages":[],"fullName":"Firm API Integration Tests POST /api/firms/complete-profile should fail if not CA-Admin","invocations":1,"location":null,"numPassingAsserts":1,"retryReasons":[],"status":"passed","title":"should fail if not CA-Admin"},{"ancestorTitles":["Firm API Integration Tests","POST /api/firms/complete-profile"],"duration":347,"failureDetails":[],"failureMessages":[],"fullName":"Firm API Integration Tests POST /api/firms/complete-profile should fail if profile already completed","invocations":1,"location":null,"numPassingAsserts":2,"retryReasons":[],"status":"passed","title":"should fail if profile already completed"},{"ancestorTitles":["Firm API Integration Tests","POST /api/firms/complete-profile"],"duration":344,"failureDetails":[],"failureMessages":[],"fullName":"Firm API Integration Tests POST /api/firms/complete-profile should fail without authentication","invocations":1,"location":null,"numPassingAsserts":0,"retryReasons":[],"status":"passed","title":"should fail without authentication"},{"ancestorTitles":["Firm API Integration Tests","GET /api/firms/my-firm"],"duration":388,"failureDetails":[],"failureMessages":[],"fullName":"Firm API Integration Tests GET /api/firms/my-firm should get current user firm","invocations":1,"location":null,"numPassingAsserts":2,"retryReasons":[],"status":"passed","title":"should get current user firm"},{"ancestorTitles":["Firm API Integration Tests","GET /api/firms/my-firm"],"duration":359,"failureDetails":[],"failureMessages":[],"fullName":"Firm API Integration Tests GET /api/firms/my-firm should fail if no firm associated","invocations":1,"location":null,"numPassingAsserts":1,"retryReasons":[],"status":"passed","title":"should fail if no firm associated"},{"ancestorTitles":["Firm API Integration Tests","PUT /api/firms/:id"],"duration":292,"failureDetails":[],"failureMessages":[],"fullName":"Firm API Integration Tests PUT /api/firms/:id should update firm successfully","invocations":1,"location":null,"numPassingAsserts":3,"retryReasons":[],"status":"passed","title":"should update firm successfully"},{"ancestorTitles":["Firm API Integration Tests","PUT /api/firms/:id"],"duration":453,"failureDetails":[],"failureMessages":[],"fullName":"Firm API Integration Tests PUT /api/firms/:id should fail if not firm owner","invocations":1,"location":null,"numPassingAsserts":1,"retryReasons":[],"status":"passed","title":"should fail if not firm owner"},{"ancestorTitles":["Firm API Integration Tests","PUT /api/firms/update-profile"],"duration":313,"failureDetails":[],"failureMessages":[],"fullName":"Firm API Integration Tests PUT /api/firms/update-profile should update admin profile","invocations":1,"location":null,"numPassingAsserts":3,"retryReasons":[],"status":"passed","title":"should update admin profile"},{"ancestorTitles":["Firm API Integration Tests","PUT /api/firms/update-profile"],"duration":269,"failureDetails":[],"failureMessages":[],"fullName":"Firm API Integration Tests PUT /api/firms/update-profile should fail if not CA-Admin","invocations":1,"location":null,"numPassingAsserts":1,"retryReasons":[],"status":"passed","title":"should fail if not CA-Admin"},{"ancestorTitles":["Firm API Integration Tests","DELETE /api/firms/:id"],"duration":287,"failureDetails":[],"failureMessages":[],"fullName":"Firm API Integration Tests DELETE /api/firms/:id should soft delete firm","invocations":1,"location":null,"numPassingAsserts":2,"retryReasons":[],"status":"passed","title":"should soft delete firm"},{"ancestorTitles":["Firm API Integration Tests","DELETE /api/firms/:id"],"duration":403,"failureDetails":[],"failureMessages":[],"fullName":"Firm API Integration Tests DELETE /api/firms/:id should fail if not firm owner","invocations":1,"location":null,"numPassingAsserts":1,"retryReasons":[],"status":"passed","title":"should fail if not firm owner"}],"endTime":1768649927893,"message":"","name":"C:\\Users\\manis\\Projects\\CA-Flow\\server\\tests\\integration\\firm.test.js","startTime":1768649917353,"status":"passed","summary":""},{"assertionResults":[{"ancestorTitles":["Payment Routes","POST /api/payments/create-order"],"duration":67,"failureDetails":[],"failureMessages":[],"fullName":"Payment Routes POST /api/payments/create-order should create payment order (CA-Admin)","invocations":1,"location":null,"numPassingAsserts":5,"retryReasons":[],"status":"passed","title":"should create payment order (CA-Admin)"},{"ancestorTitles":["Payment Routes","POST /api/payments/create-order"],"duration":42,"failureDetails":[],"failureMessages":[],"fullName":"Payment Routes POST /api/payments/create-order should not allow client to create payment order","invocations":1,"location":null,"numPassingAsserts":1,"retryReasons":[],"status":"passed","title":"should not allow client to create payment order"},{"ancestorTitles":["Payment Routes","POST /api/payments/create-order"],"duration":23,"failureDetails":[],"failureMessages":[],"fullName":"Payment Routes POST /api/payments/create-order should validate required fields","invocations":1,"location":null,"numPassingAsserts":1,"retryReasons":[],"status":"passed","title":"should validate required fields"},{"ancestorTitles":["Payment Routes","POST /api/payments/create-order"],"duration":890,"failureDetails":[],"failureMessages":[],"fullName":"Payment Routes POST /api/payments/create-order should not allow creating payment for other firm client","invocations":1,"location":null,"numPassingAsserts":1,"retryReasons":[],"status":"passed","title":"should not allow creating payment for other firm client"},{"ancestorTitles":["Payment Routes","POST /api/payments/create-payment-link"],"duration":568,"failureDetails":[],"failureMessages":[],"fullName":"Payment Routes POST /api/payments/create-payment-link should create payment link (CA-Admin)","invocations":1,"location":null,"numPassingAsserts":5,"retryReasons":[],"status":"passed","title":"should create payment link (CA-Admin)"},{"ancestorTitles":["Payment Routes","POST /api/payments/create-payment-link"],"duration":43,"failureDetails":[],"failureMessages":[],"fullName":"Payment Routes POST /api/payments/create-payment-link should not allow client to create payment link","invocations":1,"location":null,"numPassingAsserts":1,"retryReasons":[],"status":"passed","title":"should not allow client to create payment link"},{"ancestorTitles":["Payment Routes","POST /api/payments/create-document-payment"],"duration":96,"failureDetails":[],"failureMessages":[],"fullName":"Payment Routes POST /api/payments/create-document-payment should create document payment order (CA-Admin)","invocations":1,"location":null,"numPassingAsserts":6,"retryReasons":[],"status":"passed","title":"should create document payment order (CA-Admin)"},{"ancestorTitles":["Payment Routes","POST /api/payments/create-document-payment"],"duration":30,"failureDetails":[],"failureMessages":[],"fullName":"Payment Routes POST /api/payments/create-document-payment should validate document IDs","invocations":1,"location":null,"numPassingAsserts":1,"retryReasons":[],"status":"passed","title":"should validate document IDs"},{"ancestorTitles":["Payment Routes","POST /api/payments/create-document-payment-link"],"duration":72,"failureDetails":[],"failureMessages":[],"fullName":"Payment Routes POST /api/payments/create-document-payment-link should create document payment link (CA-Admin)","invocations":1,"location":null,"numPassingAsserts":5,"retryReasons":[],"status":"passed","title":"should create document payment link (CA-Admin)"},{"ancestorTitles":["Payment Routes","POST /api/payments/verify"],"duration":26,"failureDetails":[],"failureMessages":[],"fullName":"Payment Routes POST /api/payments/verify should verify payment with valid signature","invocations":1,"location":null,"numPassingAsserts":1,"retryReasons":[],"status":"passed","title":"should verify payment with valid signature"},{"ancestorTitles":["Payment Routes","POST /api/payments/verify"],"duration":11,"failureDetails":[],"failureMessages":[],"fullName":"Payment Routes POST /api/payments/verify should validate required fields","invocations":1,"location":null,"numPassingAsserts":1,"retryReasons":[],"status":"passed","title":"should validate required fields"},{"ancestorTitles":["Payment Routes","GET /api/payments"],"duration":40,"failureDetails":[],"failureMessages":[],"fullName":"Payment Routes GET /api/payments should get all payments for firm (CA-Admin)","invocations":1,"location":null,"numPassingAsserts":4,"retryReasons":[],"status":"passed","title":"should get all payments for firm (CA-Admin)"},{"ancestorTitles":["Payment Routes","GET /api/payments"],"duration":14,"failureDetails":[],"failureMessages":[],"fullName":"Payment Routes GET /api/payments should not allow client to get all payments","invocations":1,"location":null,"numPassingAsserts":1,"retryReasons":[],"status":"passed","title":"should not allow client to get all payments"},{"ancestorTitles":["Payment Routes","GET /api/payments"],"duration":37,"failureDetails":[],"failureMessages":[],"fullName":"Payment Routes GET /api/payments should support pagination","invocations":1,"location":null,"numPassingAsserts":3,"retryReasons":[],"status":"passed","title":"should support pagination"},{"ancestorTitles":["Payment Routes","GET /api/payments"],"duration":29,"failureDetails":[],"failureMessages":[],"fullName":"Payment Routes GET /api/payments should support status filter","invocations":1,"location":null,"numPassingAsserts":2,"retryReasons":[],"status":"passed","title":"should support status filter"},{"ancestorTitles":["Payment Routes","GET /api/payments"],"duration":42,"failureDetails":[],"failureMessages":[],"fullName":"Payment Routes GET /api/payments should support client filter","invocations":1,"location":null,"numPassingAsserts":2,"retryReasons":[],"status":"passed","title":"should support client filter"},{"ancestorTitles":["Payment Routes","GET /api/payments"],"duration":29,"failureDetails":[],"failureMessages":[],"fullName":"Payment Routes GET /api/payments should support payment type filter","invocations":1,"location":null,"numPassingAsserts":2,"retryReasons":[],"status":"passed","title":"should support payment type filter"},{"ancestorTitles":["Payment Routes","GET /api/payments/:id"],"duration":25,"failureDetails":[],"failureMessages":[],"fullName":"Payment Routes GET /api/payments/:id should get single payment (CA-Admin)","invocations":1,"location":null,"numPassingAsserts":3,"retryReasons":[],"status":"passed","title":"should get single payment (CA-Admin)"},{"ancestorTitles":["Payment Routes","GET /api/payments/:id"],"duration":25,"failureDetails":[],"failureMessages":[],"fullName":"Payment Routes GET /api/payments/:id should get own payment (Client)","invocations":1,"location":null,"numPassingAsserts":2,"retryReasons":[],"status":"passed","title":"should get own payment (Client)"},{"ancestorTitles":["Payment Routes","GET /api/payments/:id"],"duration":17,"failureDetails":[],"failureMessages":[],"fullName":"Payment Routes GET /api/payments/:id should return 404 for non-existent payment","invocations":1,"location":null,"numPassingAsserts":1,"retryReasons":[],"status":"passed","title":"should return 404 for non-existent payment"},{"ancestorTitles":["Payment Routes","GET /api/payments/client/my-payments"],"duration":28,"failureDetails":[],"failureMessages":[],"fullName":"Payment Routes GET /api/payments/client/my-payments should get client own payments","invocations":1,"location":null,"numPassingAsserts":4,"retryReasons":[],"status":"passed","title":"should get client own payments"},{"ancestorTitles":["Payment Routes","GET /api/payments/client/my-payments"],"duration":12,"failureDetails":[],"failureMessages":[],"fullName":"Payment Routes GET /api/payments/client/my-payments should not allow CA-Admin to access client endpoint","invocations":1,"location":null,"numPassingAsserts":1,"retryReasons":[],"status":"passed","title":"should not allow CA-Admin to access client endpoint"},{"ancestorTitles":["Payment Routes","GET /api/payments/client/my-payments"],"duration":28,"failureDetails":[],"failureMessages":[],"fullName":"Payment Routes GET /api/payments/client/my-payments should support pagination","invocations":1,"location":null,"numPassingAsserts":3,"retryReasons":[],"status":"passed","title":"should support pagination"},{"ancestorTitles":["Payment Routes","GET /api/payments/client/my-payments"],"duration":24,"failureDetails":[],"failureMessages":[],"fullName":"Payment Routes GET /api/payments/client/my-payments should support status filter","invocations":1,"location":null,"numPassingAsserts":2,"retryReasons":[],"status":"passed","title":"should support status filter"},{"ancestorTitles":["Payment Routes","POST /api/payments/webhook"],"duration":8,"failureDetails":[],"failureMessages":[],"fullName":"Payment Routes POST /api/payments/webhook should handle payment.captured webhook","invocations":1,"location":null,"numPassingAsserts":2,"retryReasons":[],"status":"passed","title":"should handle payment.captured webhook"},{"ancestorTitles":["Payment Routes","POST /api/payments/webhook"],"duration":9,"failureDetails":[],"failureMessages":[],"fullName":"Payment Routes POST /api/payments/webhook should handle subscription.activated webhook","invocations":1,"location":null,"numPassingAsserts":2,"retryReasons":[],"status":"passed","title":"should handle subscription.activated webhook"},{"ancestorTitles":["Payment Routes","POST /api/payments/webhook"],"duration":9,"failureDetails":[],"failureMessages":[],"fullName":"Payment Routes POST /api/payments/webhook should handle subscription.charged webhook","invocations":1,"location":null,"numPassingAsserts":2,"retryReasons":[],"status":"passed","title":"should handle subscription.charged webhook"},{"ancestorTitles":["Payment Routes","POST /api/payments/webhook"],"duration":8,"failureDetails":[],"failureMessages":[],"fullName":"Payment Routes POST /api/payments/webhook should handle subscription.cancelled webhook","invocations":1,"location":null,"numPassingAsserts":2,"retryReasons":[],"status":"passed","title":"should handle subscription.cancelled webhook"},{"ancestorTitles":["Payment Routes","Authorization Tests"],"duration":34,"failureDetails":[],"failureMessages":[],"fullName":"Payment Routes Authorization Tests should require authentication for all protected routes","invocations":1,"location":null,"numPassingAsserts":5,"retryReasons":[],"status":"passed","title":"should require authentication for all protected routes"}],"endTime":1768649934455,"message":"","name":"C:\\Users\\manis\\Projects\\CA-Flow\\server\\tests\\integration\\payment.test.js","startTime":1768649927917,"status":"passed","summary":""},{"assertionResults":[{"ancestorTitles":["Document Routes","GET /api/documents/categories"],"duration":15,"failureDetails":[],"failureMessages":[],"fullName":"Document Routes GET /api/documents/categories should get all document categories","invocations":1,"location":null,"numPassingAsserts":4,"retryReasons":[],"status":"passed","title":"should get all document categories"},{"ancestorTitles":["Document Routes","GET /api/documents/categories"],"duration":11,"failureDetails":[],"failureMessages":[],"fullName":"Document Routes GET /api/documents/categories should require authentication","invocations":1,"location":null,"numPassingAsserts":1,"retryReasons":[],"status":"passed","title":"should require authentication"},{"ancestorTitles":["Document Routes","GET /api/documents/client/:clientId"],"duration":46,"failureDetails":[],"failureMessages":[],"fullName":"Document Routes GET /api/documents/client/:clientId should get all documents for a client (CA-Admin)","invocations":1,"location":null,"numPassingAsserts":4,"retryReasons":[],"status":"passed","title":"should get all documents for a client (CA-Admin)"},{"ancestorTitles":["Document Routes","GET /api/documents/client/:clientId"],"duration":28,"failureDetails":[],"failureMessages":[],"fullName":"Document Routes GET /api/documents/client/:clientId should get own documents (Client)","invocations":1,"location":null,"numPassingAsserts":3,"retryReasons":[],"status":"passed","title":"should get own documents (Client)"},{"ancestorTitles":["Document Routes","GET /api/documents/client/:clientId"],"duration":48,"failureDetails":[],"failureMessages":[],"fullName":"Document Routes GET /api/documents/client/:clientId should not allow client to access other client documents","invocations":1,"location":null,"numPassingAsserts":1,"retryReasons":[],"status":"passed","title":"should not allow client to access other client documents"},{"ancestorTitles":["Document Routes","GET /api/documents/client/:clientId"],"duration":34,"failureDetails":[],"failureMessages":[],"fullName":"Document Routes GET /api/documents/client/:clientId should support pagination","invocations":1,"location":null,"numPassingAsserts":3,"retryReasons":[],"status":"passed","title":"should support pagination"},{"ancestorTitles":["Document Routes","GET /api/documents/client/:clientId"],"duration":22,"failureDetails":[],"failureMessages":[],"fullName":"Document Routes GET /api/documents/client/:clientId should support category filter","invocations":1,"location":null,"numPassingAsserts":2,"retryReasons":[],"status":"passed","title":"should support category filter"},{"ancestorTitles":["Document Routes","GET /api/documents/:id"],"duration":35,"failureDetails":[],"failureMessages":[],"fullName":"Document Routes GET /api/documents/:id should get single document (CA-Admin)","invocations":1,"location":null,"numPassingAsserts":4,"retryReasons":[],"status":"passed","title":"should get single document (CA-Admin)"},{"ancestorTitles":["Document Routes","GET /api/documents/:id"],"duration":24,"failureDetails":[],"failureMessages":[],"fullName":"Document Routes GET /api/documents/:id should get single document (Client)","invocations":1,"location":null,"numPassingAsserts":3,"retryReasons":[],"status":"passed","title":"should get single document (Client)"},{"ancestorTitles":["Document Routes","GET /api/documents/:id"],"duration":17,"failureDetails":[],"failureMessages":[],"fullName":"Document Routes GET /api/documents/:id should return 404 for non-existent document","invocations":1,"location":null,"numPassingAsserts":1,"retryReasons":[],"status":"passed","title":"should return 404 for non-existent document"},{"ancestorTitles":["Document Routes","GET /api/documents/client/:clientId/structure"],"duration":28,"failureDetails":[],"failureMessages":[],"fullName":"Document Routes GET /api/documents/client/:clientId/structure should get folder structure for client","invocations":1,"location":null,"numPassingAsserts":6,"retryReasons":[],"status":"passed","title":"should get folder structure for client"},{"ancestorTitles":["Document Routes","GET /api/documents/client/:clientId/category/:category"],"duration":24,"failureDetails":[],"failureMessages":[],"fullName":"Document Routes GET /api/documents/client/:clientId/category/:category should get documents by category","invocations":1,"location":null,"numPassingAsserts":4,"retryReasons":[],"status":"passed","title":"should get documents by category"},{"ancestorTitles":["Document Routes","PUT /api/documents/:id"],"duration":26,"failureDetails":[],"failureMessages":[],"fullName":"Document Routes PUT /api/documents/:id should update document metadata (CA-Admin)","invocations":1,"location":null,"numPassingAsserts":3,"retryReasons":[],"status":"passed","title":"should update document metadata (CA-Admin)"},{"ancestorTitles":["Document Routes","PUT /api/documents/:id"],"duration":11,"failureDetails":[],"failureMessages":[],"fullName":"Document Routes PUT /api/documents/:id should not allow client to update document","invocations":1,"location":null,"numPassingAsserts":1,"retryReasons":[],"status":"passed","title":"should not allow client to update document"},{"ancestorTitles":["Document Routes","PUT /api/documents/set-payment-requirement"],"duration":20,"failureDetails":[],"failureMessages":[],"fullName":"Document Routes PUT /api/documents/set-payment-requirement should set payment requirement for documents (CA-Admin)","invocations":1,"location":null,"numPassingAsserts":4,"retryReasons":[],"status":"passed","title":"should set payment requirement for documents (CA-Admin)"},{"ancestorTitles":["Document Routes","PUT /api/documents/set-payment-requirement"],"duration":12,"failureDetails":[],"failureMessages":[],"fullName":"Document Routes PUT /api/documents/set-payment-requirement should not allow client to set payment requirement","invocations":1,"location":null,"numPassingAsserts":1,"retryReasons":[],"status":"passed","title":"should not allow client to set payment requirement"},{"ancestorTitles":["Document Routes","PUT /api/documents/set-payment-requirement"],"duration":11,"failureDetails":[],"failureMessages":[],"fullName":"Document Routes PUT /api/documents/set-payment-requirement should validate required fields","invocations":1,"location":null,"numPassingAsserts":1,"retryReasons":[],"status":"passed","title":"should validate required fields"},{"ancestorTitles":["Document Routes","GET /api/documents/client/:clientId/locked"],"duration":25,"failureDetails":[],"failureMessages":[],"fullName":"Document Routes GET /api/documents/client/:clientId/locked should get locked documents for client","invocations":1,"location":null,"numPassingAsserts":4,"retryReasons":[],"status":"passed","title":"should get locked documents for client"},{"ancestorTitles":["Document Routes","GET /api/documents/client/:clientId/paid"],"duration":31,"failureDetails":[],"failureMessages":[],"fullName":"Document Routes GET /api/documents/client/:clientId/paid should get paid documents for client","invocations":1,"location":null,"numPassingAsserts":3,"retryReasons":[],"status":"passed","title":"should get paid documents for client"},{"ancestorTitles":["Document Routes","GET /api/documents/:id/access"],"duration":22,"failureDetails":[],"failureMessages":[],"fullName":"Document Routes GET /api/documents/:id/access should check document access (CA-Admin always has access)","invocations":1,"location":null,"numPassingAsserts":3,"retryReasons":[],"status":"passed","title":"should check document access (CA-Admin always has access)"},{"ancestorTitles":["Document Routes","GET /api/documents/:id/access"],"duration":34,"failureDetails":[],"failureMessages":[],"fullName":"Document Routes GET /api/documents/:id/access should check document access (Client with payment required)","invocations":1,"location":null,"numPassingAsserts":3,"retryReasons":[],"status":"passed","title":"should check document access (Client with payment required)"},{"ancestorTitles":["Document Routes","GET /api/documents/search"],"duration":27,"failureDetails":[],"failureMessages":[],"fullName":"Document Routes GET /api/documents/search should search documents (CA-Admin)","invocations":1,"location":null,"numPassingAsserts":3,"retryReasons":[],"status":"passed","title":"should search documents (CA-Admin)"},{"ancestorTitles":["Document Routes","GET /api/documents/search"],"duration":16,"failureDetails":[],"failureMessages":[],"fullName":"Document Routes GET /api/documents/search should not allow client to search across all documents","invocations":1,"location":null,"numPassingAsserts":1,"retryReasons":[],"status":"passed","title":"should not allow client to search across all documents"},{"ancestorTitles":["Document Routes","DELETE /api/documents/:id"],"duration":49,"failureDetails":[],"failureMessages":[],"fullName":"Document Routes DELETE /api/documents/:id should soft delete document (CA-Admin)","invocations":1,"location":null,"numPassingAsserts":3,"retryReasons":[],"status":"passed","title":"should soft delete document (CA-Admin)"},{"ancestorTitles":["Document Routes","DELETE /api/documents/:id"],"duration":12,"failureDetails":[],"failureMessages":[],"fullName":"Document Routes DELETE /api/documents/:id should not allow client to delete document","invocations":1,"location":null,"numPassingAsserts":1,"retryReasons":[],"status":"passed","title":"should not allow client to delete document"}],"endTime":1768649938548,"message":"","name":"C:\\Users\\manis\\Projects\\CA-Flow\\server\\tests\\integration\\document.test.js","startTime":1768649934469,"status":"passed","summary":""},{"assertionResults":[{"ancestorTitles":["Thread Status Integration Tests"],"duration":584,"failureDetails":[],"failureMessages":[],"fullName":"Thread Status Integration Tests supports open, pending-*, resolved, and closed status flows","invocations":1,"location":null,"numPassingAsserts":6,"retryReasons":[],"status":"passed","title":"supports open, pending-*, resolved, and closed status flows"},{"ancestorTitles":["Thread Status Integration Tests"],"duration":431,"failureDetails":[],"failureMessages":[],"fullName":"Thread Status Integration Tests rejects removed statuses and does not create system messages","invocations":1,"location":null,"numPassingAsserts":2,"retryReasons":[],"status":"passed","title":"rejects removed statuses and does not create system messages"}],"endTime":1768649942171,"message":"","name":"C:\\Users\\manis\\Projects\\CA-Flow\\server\\tests\\integration\\thread.statuses.test.js","startTime":1768649938558,"status":"passed","summary":""},{"assertionResults":[{"ancestorTitles":["User Model - Improved","User Creation"],"duration":162,"failureDetails":[],"failureMessages":[],"fullName":"User Model - Improved User Creation should create a user with valid data","invocations":1,"location":null,"numPassingAsserts":5,"retryReasons":[],"status":"passed","title":"should create a user with valid data"},{"ancestorTitles":["User Model - Improved","User Creation"],"duration":137,"failureDetails":[],"failureMessages":[],"fullName":"User Model - Improved User Creation should hash password before saving","invocations":1,"location":null,"numPassingAsserts":3,"retryReasons":[],"status":"passed","title":"should hash password before saving"},{"ancestorTitles":["User Model - Improved","User Creation"],"duration":7,"failureDetails":[],"failureMessages":[],"fullName":"User Model - Improved User Creation should fail without required fields","invocations":1,"location":null,"numPassingAsserts":1,"retryReasons":[],"status":"passed","title":"should fail without required fields"},{"ancestorTitles":["User Model - Improved","User Creation"],"duration":5,"failureDetails":[],"failureMessages":[],"fullName":"User Model - Improved User Creation should fail with invalid email","invocations":1,"location":null,"numPassingAsserts":1,"retryReasons":[],"status":"passed","title":"should fail with invalid email"},{"ancestorTitles":["User Model - Improved","User Creation"],"duration":271,"failureDetails":[],"failureMessages":[],"fullName":"User Model - Improved User Creation should fail with duplicate email","invocations":1,"location":null,"numPassingAsserts":1,"retryReasons":[],"status":"passed","title":"should fail with duplicate email"},{"ancestorTitles":["User Model - Improved","User Creation"],"duration":12,"failureDetails":[],"failureMessages":[],"fullName":"User Model - Improved User Creation should validate role enum","invocations":1,"location":null,"numPassingAsserts":1,"retryReasons":[],"status":"passed","title":"should validate role enum"},{"ancestorTitles":["User Model - Improved","User Creation"],"duration":127,"failureDetails":[],"failureMessages":[],"fullName":"User Model - Improved User Creation should set default values","invocations":1,"location":null,"numPassingAsserts":6,"retryReasons":[],"status":"passed","title":"should set default values"},{"ancestorTitles":["User Model - Improved","Password Methods"],"duration":195,"failureDetails":[],"failureMessages":[],"fullName":"User Model - Improved Password Methods should compare password correctly","invocations":1,"location":null,"numPassingAsserts":1,"retryReasons":[],"status":"passed","title":"should compare password correctly"},{"ancestorTitles":["User Model - Improved","Password Methods"],"duration":195,"failureDetails":[],"failureMessages":[],"fullName":"User Model - Improved Password Methods should return false for incorrect password","invocations":1,"location":null,"numPassingAsserts":1,"retryReasons":[],"status":"passed","title":"should return false for incorrect password"},{"ancestorTitles":["User Model - Improved","Password Methods"],"duration":90,"failureDetails":[],"failureMessages":[],"fullName":"User Model - Improved Password Methods should not rehash password on update if not modified","invocations":1,"location":null,"numPassingAsserts":1,"retryReasons":[],"status":"passed","title":"should not rehash password on update if not modified"},{"ancestorTitles":["User Model - Improved","Token Generation"],"duration":95,"failureDetails":[],"failureMessages":[],"fullName":"User Model - Improved Token Generation should generate email verification token","invocations":1,"location":null,"numPassingAsserts":5,"retryReasons":[],"status":"passed","title":"should generate email verification token"},{"ancestorTitles":["User Model - Improved","Token Generation"],"duration":98,"failureDetails":[],"failureMessages":[],"fullName":"User Model - Improved Token Generation should generate password reset token","invocations":1,"location":null,"numPassingAsserts":5,"retryReasons":[],"status":"passed","title":"should generate password reset token"},{"ancestorTitles":["User Model - Improved","Token Generation"],"duration":102,"failureDetails":[],"failureMessages":[],"fullName":"User Model - Improved Token Generation should set token expiration time","invocations":1,"location":null,"numPassingAsserts":2,"retryReasons":[],"status":"passed","title":"should set token expiration time"},{"ancestorTitles":["User Model - Improved","JSON Serialization"],"duration":102,"failureDetails":[],"failureMessages":[],"fullName":"User Model - Improved JSON Serialization should exclude sensitive fields from JSON","invocations":1,"location":null,"numPassingAsserts":7,"retryReasons":[],"status":"passed","title":"should exclude sensitive fields from JSON"},{"ancestorTitles":["User Model - Improved","User Updates"],"duration":96,"failureDetails":[],"failureMessages":[],"fullName":"User Model - Improved User Updates should update user fields","invocations":1,"location":null,"numPassingAsserts":2,"retryReasons":[],"status":"passed","title":"should update user fields"},{"ancestorTitles":["User Model - Improved","User Updates"],"duration":113,"failureDetails":[],"failureMessages":[],"fullName":"User Model - Improved User Updates should update timestamps on save","invocations":1,"location":null,"numPassingAsserts":1,"retryReasons":[],"status":"passed","title":"should update timestamps on save"},{"ancestorTitles":["User Model - Improved","User Queries"],"duration":100,"failureDetails":[],"failureMessages":[],"fullName":"User Model - Improved User Queries should find user by email","invocations":1,"location":null,"numPassingAsserts":2,"retryReasons":[],"status":"passed","title":"should find user by email"},{"ancestorTitles":["User Model - Improved","User Queries"],"duration":297,"failureDetails":[],"failureMessages":[],"fullName":"User Model - Improved User Queries should find users by role","invocations":1,"location":null,"numPassingAsserts":1,"retryReasons":[],"status":"passed","title":"should find users by role"},{"ancestorTitles":["User Model - Improved","User Queries"],"duration":214,"failureDetails":[],"failureMessages":[],"fullName":"User Model - Improved User Queries should find active users","invocations":1,"location":null,"numPassingAsserts":1,"retryReasons":[],"status":"passed","title":"should find active users"}],"endTime":1768649946181,"message":"","name":"C:\\Users\\manis\\Projects\\CA-Flow\\server\\tests\\unit\\User.improved.test.js","startTime":1768649942177,"status":"passed","summary":""},{"assertionResults":[{"ancestorTitles":["User Model","User Creation"],"duration":116,"failureDetails":[],"failureMessages":[],"fullName":"User Model User Creation should create a user with valid data","invocations":1,"location":null,"numPassingAsserts":5,"retryReasons":[],"status":"passed","title":"should create a user with valid data"},{"ancestorTitles":["User Model","User Creation"],"duration":117,"failureDetails":[],"failureMessages":[],"fullName":"User Model User Creation should hash password before saving","invocations":1,"location":null,"numPassingAsserts":2,"retryReasons":[],"status":"passed","title":"should hash password before saving"},{"ancestorTitles":["User Model","User Creation"],"duration":9,"failureDetails":[],"failureMessages":[],"fullName":"User Model User Creation should fail without required fields","invocations":1,"location":null,"numPassingAsserts":1,"retryReasons":[],"status":"passed","title":"should fail without required fields"},{"ancestorTitles":["User Model","User Creation"],"duration":3,"failureDetails":[],"failureMessages":[],"fullName":"User Model User Creation should fail with invalid email","invocations":1,"location":null,"numPassingAsserts":1,"retryReasons":[],"status":"passed","title":"should fail with invalid email"},{"ancestorTitles":["User Model","User Creation"],"duration":203,"failureDetails":[],"failureMessages":[],"fullName":"User Model User Creation should fail with duplicate email","invocations":1,"location":null,"numPassingAsserts":1,"retryReasons":[],"status":"passed","title":"should fail with duplicate email"},{"ancestorTitles":["User Model","Password Methods"],"duration":196,"failureDetails":[],"failureMessages":[],"fullName":"User Model Password Methods should compare password correctly","invocations":1,"location":null,"numPassingAsserts":1,"retryReasons":[],"status":"passed","title":"should compare password correctly"},{"ancestorTitles":["User Model","Password Methods"],"duration":199,"failureDetails":[],"failureMessages":[],"fullName":"User Model Password Methods should return false for incorrect password","invocations":1,"location":null,"numPassingAsserts":1,"retryReasons":[],"status":"passed","title":"should return false for incorrect password"},{"ancestorTitles":["User Model","Token Generation"],"duration":124,"failureDetails":[],"failureMessages":[],"fullName":"User Model Token Generation should generate email verification token","invocations":1,"location":null,"numPassingAsserts":5,"retryReasons":[],"status":"passed","title":"should generate email verification token"},{"ancestorTitles":["User Model","Token Generation"],"duration":108,"failureDetails":[],"failureMessages":[],"fullName":"User Model Token Generation should generate password reset token","invocations":1,"location":null,"numPassingAsserts":5,"retryReasons":[],"status":"passed","title":"should generate password reset token"},{"ancestorTitles":["User Model","JSON Serialization"],"duration":102,"failureDetails":[],"failureMessages":[],"fullName":"User Model JSON Serialization should exclude sensitive fields from JSON","invocations":1,"location":null,"numPassingAsserts":4,"retryReasons":[],"status":"passed","title":"should exclude sensitive fields from JSON"}],"endTime":1768649948421,"message":"","name":"C:\\Users\\manis\\Projects\\CA-Flow\\server\\tests\\unit\\User.test.js","startTime":1768649946190,"status":"passed","summary":""},{"assertionResults":[{"ancestorTitles":["Auth Middleware","protect middleware"],"duration":9,"failureDetails":[],"failureMessages":[],"fullName":"Auth Middleware protect middleware should fail without authorization header","invocations":1,"location":null,"numPassingAsserts":3,"retryReasons":[],"status":"passed","title":"should fail without authorization header"},{"ancestorTitles":["Auth Middleware","protect middleware"],"duration":2,"failureDetails":[],"failureMessages":[],"fullName":"Auth Middleware protect middleware should fail with invalid token","invocations":1,"location":null,"numPassingAsserts":2,"retryReasons":[],"status":"passed","title":"should fail with invalid token"},{"ancestorTitles":["Auth Middleware","protect middleware"],"duration":100,"failureDetails":[],"failureMessages":[],"fullName":"Auth Middleware protect middleware should succeed with valid token and active user","invocations":1,"location":null,"numPassingAsserts":3,"retryReasons":[],"status":"passed","title":"should succeed with valid token and active user"},{"ancestorTitles":["Auth Middleware","protect middleware"],"duration":97,"failureDetails":[],"failureMessages":[],"fullName":"Auth Middleware protect middleware should fail with inactive user","invocations":1,"location":null,"numPassingAsserts":4,"retryReasons":[],"status":"passed","title":"should fail with inactive user"},{"ancestorTitles":["Auth Middleware","authorize middleware"],"duration":7,"failureDetails":[],"failureMessages":[],"fullName":"Auth Middleware authorize middleware should fail without user in request","invocations":1,"location":null,"numPassingAsserts":1,"retryReasons":[],"status":"passed","title":"should fail without user in request"},{"ancestorTitles":["Auth Middleware","authorize middleware"],"duration":1,"failureDetails":[],"failureMessages":[],"fullName":"Auth Middleware authorize middleware should fail with unauthorized role","invocations":1,"location":null,"numPassingAsserts":1,"retryReasons":[],"status":"passed","title":"should fail with unauthorized role"},{"ancestorTitles":["Auth Middleware","authorize middleware"],"duration":0,"failureDetails":[],"failureMessages":[],"fullName":"Auth Middleware authorize middleware should succeed with authorized role","invocations":1,"location":null,"numPassingAsserts":1,"retryReasons":[],"status":"passed","title":"should succeed with authorized role"},{"ancestorTitles":["Auth Middleware","authorize middleware"],"duration":0,"failureDetails":[],"failureMessages":[],"fullName":"Auth Middleware authorize middleware should succeed with multiple authorized roles","invocations":1,"location":null,"numPassingAsserts":1,"retryReasons":[],"status":"passed","title":"should succeed with multiple authorized roles"}],"endTime":1768649949585,"message":"","name":"C:\\Users\\manis\\Projects\\CA-Flow\\server\\tests\\unit\\auth.middleware.test.js","startTime":1768649948427,"status":"passed","summary":""},{"assertionResults":[{"ancestorTitles":["Firm Model","Firm Creation"],"duration":41,"failureDetails":[],"failureMessages":[],"fullName":"Firm Model Firm Creation should create a firm with valid data","invocations":1,"location":null,"numPassingAsserts":7,"retryReasons":[],"status":"passed","title":"should create a firm with valid data"},{"ancestorTitles":["Firm Model","Firm Creation"],"duration":22,"failureDetails":[],"failureMessages":[],"fullName":"Firm Model Firm Creation should create a firm with complete data","invocations":1,"location":null,"numPassingAsserts":6,"retryReasons":[],"status":"passed","title":"should create a firm with complete data"},{"ancestorTitles":["Firm Model","Firm Creation"],"duration":5,"failureDetails":[],"failureMessages":[],"fullName":"Firm Model Firm Creation should fail without required fields","invocations":1,"location":null,"numPassingAsserts":1,"retryReasons":[],"status":"passed","title":"should fail without required fields"},{"ancestorTitles":["Firm Model","Firm Creation"],"duration":5,"failureDetails":[],"failureMessages":[],"fullName":"Firm Model Firm Creation should fail with invalid email","invocations":1,"location":null,"numPassingAsserts":1,"retryReasons":[],"status":"passed","title":"should fail with invalid email"},{"ancestorTitles":["Firm Model","Firm Creation"],"duration":5,"failureDetails":[],"failureMessages":[],"fullName":"Firm Model Firm Creation should validate primary services enum","invocations":1,"location":null,"numPassingAsserts":1,"retryReasons":[],"status":"passed","title":"should validate primary services enum"},{"ancestorTitles":["Firm Model","Firm Creation"],"duration":6,"failureDetails":[],"failureMessages":[],"fullName":"Firm Model Firm Creation should validate preferred communication enum","invocations":1,"location":null,"numPassingAsserts":1,"retryReasons":[],"status":"passed","title":"should validate preferred communication enum"},{"ancestorTitles":["Firm Model","Firm Methods"],"duration":13,"failureDetails":[],"failureMessages":[],"fullName":"Firm Model Firm Methods should not include __v in JSON response","invocations":1,"location":null,"numPassingAsserts":2,"retryReasons":[],"status":"passed","title":"should not include __v in JSON response"},{"ancestorTitles":["Firm Model","Firm Updates"],"duration":30,"failureDetails":[],"failureMessages":[],"fullName":"Firm Model Firm Updates should update firm details","invocations":1,"location":null,"numPassingAsserts":2,"retryReasons":[],"status":"passed","title":"should update firm details"}],"endTime":1768649950937,"message":"","name":"C:\\Users\\manis\\Projects\\CA-Flow\\server\\tests\\unit\\Firm.test.js","startTime":1768649949593,"status":"passed","summary":""},{"assertionResults":[{"ancestorTitles":["JWT Utilities","generateAccessToken"],"duration":2,"failureDetails":[],"failureMessages":[],"fullName":"JWT Utilities generateAccessToken should generate a valid access token","invocations":1,"location":null,"numPassingAsserts":2,"retryReasons":[],"status":"passed","title":"should generate a valid access token"},{"ancestorTitles":["JWT Utilities","generateAccessToken"],"duration":2,"failureDetails":[],"failureMessages":[],"fullName":"JWT Utilities generateAccessToken should include userId and role in token payload","invocations":1,"location":null,"numPassingAsserts":3,"retryReasons":[],"status":"passed","title":"should include userId and role in token payload"},{"ancestorTitles":["JWT Utilities","generateRefreshToken"],"duration":1,"failureDetails":[],"failureMessages":[],"fullName":"JWT Utilities generateRefreshToken should generate a valid refresh token","invocations":1,"location":null,"numPassingAsserts":2,"retryReasons":[],"status":"passed","title":"should generate a valid refresh token"},{"ancestorTitles":["JWT Utilities","generateRefreshToken"],"duration":1,"failureDetails":[],"failureMessages":[],"fullName":"JWT Utilities generateRefreshToken should include userId in token payload","invocations":1,"location":null,"numPassingAsserts":2,"retryReasons":[],"status":"passed","title":"should include userId in token payload"},{"ancestorTitles":["JWT Utilities","verifyAccessToken"],"duration":1,"failureDetails":[],"failureMessages":[],"fullName":"JWT Utilities verifyAccessToken should verify a valid access token","invocations":1,"location":null,"numPassingAsserts":2,"retryReasons":[],"status":"passed","title":"should verify a valid access token"},{"ancestorTitles":["JWT Utilities","verifyAccessToken"],"duration":10,"failureDetails":[],"failureMessages":[],"fullName":"JWT Utilities verifyAccessToken should throw error for invalid token","invocations":1,"location":null,"numPassingAsserts":1,"retryReasons":[],"status":"passed","title":"should throw error for invalid token"},{"ancestorTitles":["JWT Utilities","verifyAccessToken"],"duration":2,"failureDetails":[],"failureMessages":[],"fullName":"JWT Utilities verifyAccessToken should throw error for refresh token used as access token","invocations":1,"location":null,"numPassingAsserts":1,"retryReasons":[],"status":"passed","title":"should throw error for refresh token used as access token"},{"ancestorTitles":["JWT Utilities","verifyRefreshToken"],"duration":1,"failureDetails":[],"failureMessages":[],"fullName":"JWT Utilities verifyRefreshToken should verify a valid refresh token","invocations":1,"location":null,"numPassingAsserts":2,"retryReasons":[],"status":"passed","title":"should verify a valid refresh token"},{"ancestorTitles":["JWT Utilities","verifyRefreshToken"],"duration":2,"failureDetails":[],"failureMessages":[],"fullName":"JWT Utilities verifyRefreshToken should throw error for invalid token","invocations":1,"location":null,"numPassingAsserts":1,"retryReasons":[],"status":"passed","title":"should throw error for invalid token"},{"ancestorTitles":["JWT Utilities","verifyRefreshToken"],"duration":1,"failureDetails":[],"failureMessages":[],"fullName":"JWT Utilities verifyRefreshToken should throw error for access token used as refresh token","invocations":1,"location":null,"numPassingAsserts":1,"retryReasons":[],"status":"passed","title":"should throw error for access token used as refresh token"}],"endTime":1768649952064,"message":"","name":"C:\\Users\\manis\\Projects\\CA-Flow\\server\\tests\\unit\\jwt.test.js","startTime":1768649950946,"status":"passed","summary":""},{"assertionResults":[{"ancestorTitles":["Error Handler Utilities","Error Classes"],"duration":2,"failureDetails":[],"failureMessages":[],"fullName":"Error Handler Utilities Error Classes should create ValidationError with correct status code","invocations":1,"location":null,"numPassingAsserts":3,"retryReasons":[],"status":"passed","title":"should create ValidationError with correct status code"},{"ancestorTitles":["Error Handler Utilities","Error Classes"],"duration":1,"failureDetails":[],"failureMessages":[],"fullName":"Error Handler Utilities Error Classes should create AuthenticationError with correct status code","invocations":1,"location":null,"numPassingAsserts":2,"retryReasons":[],"status":"passed","title":"should create AuthenticationError with correct status code"},{"ancestorTitles":["Error Handler Utilities","Error Classes"],"duration":0,"failureDetails":[],"failureMessages":[],"fullName":"Error Handler Utilities Error Classes should create AuthorizationError with correct status code","invocations":1,"location":null,"numPassingAsserts":2,"retryReasons":[],"status":"passed","title":"should create AuthorizationError with correct status code"},{"ancestorTitles":["Error Handler Utilities","Error Classes"],"duration":0,"failureDetails":[],"failureMessages":[],"fullName":"Error Handler Utilities Error Classes should create NotFoundError with correct status code","invocations":1,"location":null,"numPassingAsserts":2,"retryReasons":[],"status":"passed","title":"should create NotFoundError with correct status code"},{"ancestorTitles":["Error Handler Utilities","Error Classes"],"duration":1,"failureDetails":[],"failureMessages":[],"fullName":"Error Handler Utilities Error Classes should create ConflictError with correct status code","invocations":1,"location":null,"numPassingAsserts":2,"retryReasons":[],"status":"passed","title":"should create ConflictError with correct status code"},{"ancestorTitles":["Error Handler Utilities","Error Classes"],"duration":1,"failureDetails":[],"failureMessages":[],"fullName":"Error Handler Utilities Error Classes should create InternalError with correct status code","invocations":1,"location":null,"numPassingAsserts":3,"retryReasons":[],"status":"passed","title":"should create InternalError with correct status code"},{"ancestorTitles":["Error Handler Utilities","asyncHandler"],"duration":1,"failureDetails":[],"failureMessages":[],"fullName":"Error Handler Utilities asyncHandler should handle successful async operations","invocations":1,"location":null,"numPassingAsserts":2,"retryReasons":[],"status":"passed","title":"should handle successful async operations"},{"ancestorTitles":["Error Handler Utilities","asyncHandler"],"duration":1,"failureDetails":[],"failureMessages":[],"fullName":"Error Handler Utilities asyncHandler should catch and pass errors to next","invocations":1,"location":null,"numPassingAsserts":1,"retryReasons":[],"status":"passed","title":"should catch and pass errors to next"},{"ancestorTitles":["Error Handler Utilities","handleDatabaseError"],"duration":1,"failureDetails":[],"failureMessages":[],"fullName":"Error Handler Utilities handleDatabaseError should convert Mongoose ValidationError","invocations":1,"location":null,"numPassingAsserts":3,"retryReasons":[],"status":"passed","title":"should convert Mongoose ValidationError"},{"ancestorTitles":["Error Handler Utilities","handleDatabaseError"],"duration":0,"failureDetails":[],"failureMessages":[],"fullName":"Error Handler Utilities handleDatabaseError should convert Mongoose duplicate key error","invocations":1,"location":null,"numPassingAsserts":3,"retryReasons":[],"status":"passed","title":"should convert Mongoose duplicate key error"},{"ancestorTitles":["Error Handler Utilities","handleDatabaseError"],"duration":0,"failureDetails":[],"failureMessages":[],"fullName":"Error Handler Utilities handleDatabaseError should convert Mongoose CastError","invocations":1,"location":null,"numPassingAsserts":2,"retryReasons":[],"status":"passed","title":"should convert Mongoose CastError"},{"ancestorTitles":["Error Handler Utilities","handleDatabaseError"],"duration":1,"failureDetails":[],"failureMessages":[],"fullName":"Error Handler Utilities handleDatabaseError should convert JWT errors","invocations":1,"location":null,"numPassingAsserts":2,"retryReasons":[],"status":"passed","title":"should convert JWT errors"},{"ancestorTitles":["Error Handler Utilities","handleDatabaseError"],"duration":0,"failureDetails":[],"failureMessages":[],"fullName":"Error Handler Utilities handleDatabaseError should convert TokenExpiredError","invocations":1,"location":null,"numPassingAsserts":2,"retryReasons":[],"status":"passed","title":"should convert TokenExpiredError"},{"ancestorTitles":["Error Handler Utilities","AppError"],"duration":0,"failureDetails":[],"failureMessages":[],"fullName":"Error Handler Utilities AppError should set status to \"fail\" for 4xx errors","invocations":1,"location":null,"numPassingAsserts":1,"retryReasons":[],"status":"passed","title":"should set status to \"fail\" for 4xx errors"},{"ancestorTitles":["Error Handler Utilities","AppError"],"duration":1,"failureDetails":[],"failureMessages":[],"fullName":"Error Handler Utilities AppError should set status to \"error\" for 5xx errors","invocations":1,"location":null,"numPassingAsserts":1,"retryReasons":[],"status":"passed","title":"should set status to \"error\" for 5xx errors"},{"ancestorTitles":["Error Handler Utilities","AppError"],"duration":0,"failureDetails":[],"failureMessages":[],"fullName":"Error Handler Utilities AppError should be operational by default","invocations":1,"location":null,"numPassingAsserts":1,"retryReasons":[],"status":"passed","title":"should be operational by default"},{"ancestorTitles":["Error Handler Utilities","AppError"],"duration":0,"failureDetails":[],"failureMessages":[],"fullName":"Error Handler Utilities AppError should allow setting isOperational to false","invocations":1,"location":null,"numPassingAsserts":1,"retryReasons":[],"status":"passed","title":"should allow setting isOperational to false"}],"endTime":1768649953237,"message":"","name":"C:\\Users\\manis\\Projects\\CA-Flow\\server\\tests\\unit\\errorHandler.test.js","startTime":1768649952071,"status":"passed","summary":""}],"wasInterrupted":false}
